<?xml version="1.0" encoding="UTF-8"?>
<!-- Generated by org.testng.reporters.JUnitReportReporter -->
<testsuite hostname="Yaminis-MacBook-Air.local" failures="0" tests="6" name="com.runners.RunnerFile" time="82.694" errors="0" timestamp="2022-06-05T12:36:22 PDT" skipped="0">
  <testcase classname="com.runners.RunnerFile" name="runScenario" time="17.257"/>
  <system-out/>
  <testcase classname="com.runners.RunnerFile" name="runScenario" time="17.797"/>
  <system-out/>
  <testcase classname="com.runners.RunnerFile" name="runScenario" time="18.464"/>
  <system-out/>
  <testcase classname="com.runners.RunnerFile" name="runScenario" time="6.601"/>
  <system-out/>
  <testcase classname="com.runners.RunnerFile" name="runScenario" time="14.575"/>
  <system-out/>
  <testcase classname="com.runners.RunnerFile" name="runScenario" time="8.000"/>
  <system-out/>
</testsuite> <!-- com.runners.RunnerFile -->
